<?xml version="1.0" encoding="UTF-8"?>
<testsuite name="com.cleverbank.services.DepositServiceTest" tests="1" skipped="0" failures="0" errors="0" timestamp="2023-08-30T16:57:09" hostname="DESKTOP-2FGLRB4" time="0.024">
  <properties/>
  <testcase name="testExecute()" classname="com.cleverbank.services.DepositServiceTest" time="0.024"/>
  <system-out><![CDATA[]]></system-out>
  <system-err><![CDATA[]]></system-err>
</testsuite>
